<?xml version="1.0" encoding="UTF-8"?>
<testng-results ignored="0" total="1" passed="1" failed="0" skipped="0">
  <reporter-output>
  </reporter-output>
  <suite started-at="2022-01-17T22:35:20 EST" name="Default suite" finished-at="2022-01-17T22:35:34 EST" duration-ms="14006">
    <groups>
    </groups>
    <test started-at="2022-01-17T22:35:20 EST" name="Default test" finished-at="2022-01-17T22:35:34 EST" duration-ms="14006">
      <class name="helloworld.test.Main">
        <test-method signature="test()[pri:0, instance:helloworld.test.Main@7671cb68]" started-at="2022-01-17T22:35:20 EST" name="test" finished-at="2022-01-17T22:35:34 EST" duration-ms="13960" status="PASS">
          <reporter-output>
          </reporter-output>
        </test-method> <!-- test -->
      </class> <!-- helloworld.test.Main -->
    </test> <!-- Default test -->
  </suite> <!-- Default suite -->
</testng-results>
